<?xml version="1.0" encoding="UTF-8"?>
<!-- Generated by org.testng.reporters.JUnitXMLReporter -->
<testsuite hostname="LAPTOP-2VO4KHAA" ignored="0" name="Default test" tests="2" failures="0" timestamp="27 May 2018 12:07:26 GMT" time="65.272" errors="0">
  <testcase name="ApplicationFlow" time="1.336" classname="project_package.Common_Base_Functionality"/>
  <testcase name="Assert_Fieldvalidation" time="0.378" classname="project_package.Common_Base_Functionality"/>
</testsuite> <!-- Default test -->
