<?xml version="1.0" encoding="UTF-8"?>
<testng-results skipped="0" failed="0" ignored="0" total="2" passed="2">
  <reporter-output>
  </reporter-output>
  <suite name="Default suite" duration-ms="65272" started-at="2018-05-27T12:06:21Z" finished-at="2018-05-27T12:07:26Z">
    <groups>
    </groups>
    <test name="Default test" duration-ms="65272" started-at="2018-05-27T12:06:21Z" finished-at="2018-05-27T12:07:26Z">
      <class name="project_package.Common_Base_Functionality">
        <test-method status="PASS" signature="startbrowser()[pri:0, instance:project_package.Common_Base_Functionality@1877ab81]" name="startbrowser" is-config="true" duration-ms="30645" started-at="2018-05-27T12:06:21Z" finished-at="2018-05-27T12:06:51Z">
          <reporter-output>
          </reporter-output>
        </test-method> <!-- startbrowser -->
        <test-method status="PASS" signature="ApplicationFlow()[pri:0, instance:project_package.Common_Base_Functionality@1877ab81]" name="ApplicationFlow" duration-ms="1336" started-at="2018-05-27T12:06:51Z" finished-at="2018-05-27T12:06:53Z">
          <reporter-output>
          </reporter-output>
        </test-method> <!-- ApplicationFlow -->
        <test-method status="PASS" signature="appendFinalHTMLReport(org.testng.ITestResult)[pri:0, instance:project_package.Common_Base_Functionality@1877ab81]" name="appendFinalHTMLReport" is-config="true" duration-ms="3809" started-at="2018-05-27T12:06:53Z" finished-at="2018-05-27T12:06:56Z">
          <params>
            <param index="0">
              <value>
                <![CDATA[[TestResult name=ApplicationFlow status=SUCCESS method=Common_Base_Functionality.ApplicationFlow()[pri:0, instance:project_package.Common_Base_Functionality@1877ab81] output={null}]]]>
              </value>
            </param>
          </params>
          <reporter-output>
          </reporter-output>
        </test-method> <!-- appendFinalHTMLReport -->
        <test-method status="PASS" signature="startbrowser()[pri:0, instance:project_package.Common_Base_Functionality@1877ab81]" name="startbrowser" is-config="true" duration-ms="25274" started-at="2018-05-27T12:06:56Z" finished-at="2018-05-27T12:07:22Z">
          <reporter-output>
          </reporter-output>
        </test-method> <!-- startbrowser -->
        <test-method status="PASS" signature="Assert_Fieldvalidation()[pri:0, instance:project_package.Common_Base_Functionality@1877ab81]" name="Assert_Fieldvalidation" duration-ms="378" started-at="2018-05-27T12:07:22Z" finished-at="2018-05-27T12:07:22Z">
          <reporter-output>
          </reporter-output>
        </test-method> <!-- Assert_Fieldvalidation -->
        <test-method status="PASS" signature="appendFinalHTMLReport(org.testng.ITestResult)[pri:0, instance:project_package.Common_Base_Functionality@1877ab81]" name="appendFinalHTMLReport" is-config="true" duration-ms="3797" started-at="2018-05-27T12:07:22Z" finished-at="2018-05-27T12:07:26Z">
          <params>
            <param index="0">
              <value>
                <![CDATA[[TestResult name=Assert_Fieldvalidation status=SUCCESS method=Common_Base_Functionality.Assert_Fieldvalidation()[pri:0, instance:project_package.Common_Base_Functionality@1877ab81] output={null}]]]>
              </value>
            </param>
          </params>
          <reporter-output>
          </reporter-output>
        </test-method> <!-- appendFinalHTMLReport -->
      </class> <!-- project_package.Common_Base_Functionality -->
    </test> <!-- Default test -->
  </suite> <!-- Default suite -->
</testng-results>
